Wed May 14 2014 15:11:02 GMT-0700 (PDT):
{ [TypeError: Object #<Subscription> has no method 'getPortalUrl']
  stack: [Getter/Setter],
  __frame: 
   { name: 'portalGitInitInstruction__13',
     line: 633,
     file: '/Users/student/.nvm/v0.10.26/lib/node_modules/azure-cli/lib/commands/asm/websites/websitesclient._js',
     prev: 
      { name: 'fallbackToPortal',
        line: 655,
        file: '/Users/student/.nvm/v0.10.26/lib/node_modules/azure-cli/lib/commands/asm/websites/websitesclient._js',
        prev: [Object],
        active: false,
        offset: 2,
        col: 6 },
     active: true,
     offset: 12,
     col: 8 },
  rawStack: [Getter] }
TypeError: Object #<Subscription> has no method 'getPortalUrl'
    at portalGitInitInstruction__13 (/Users/student/.nvm/v0.10.26/lib/node_modules/azure-cli/lib/commands/asm/websites/websitesclient._js:647:54)
    at portalGitInitInstruction__13 (/Users/student/.nvm/v0.10.26/lib/node_modules/azure-cli/lib/commands/asm/websites/websitesclient._js:645:8)
    at fallbackToPortal (/Users/student/.nvm/v0.10.26/lib/node_modules/azure-cli/lib/commands/asm/websites/websitesclient._js:657:6)
    at getPublishingUser__14 (/Users/student/.nvm/v0.10.26/lib/node_modules/azure-cli/lib/commands/asm/websites/websitesclient._js:691:8)
    at LinkedRevisionControlClient_prototype__addRemotesToLocalGitRepo__5 (/Users/student/.nvm/v0.10.26/lib/node_modules/azure-cli/lib/util/git/linkedrevisioncontrol._js:177:29)
    at GitClient_prototype_deploy__7 (/Users/student/.nvm/v0.10.26/lib/node_modules/azure-cli/lib/util/git/linkedrevisioncontrol._js:214:2)
    at __4 (/Users/student/.nvm/v0.10.26/lib/node_modules/azure-cli/lib/commands/asm/site._js:268:12)

